<?xml version="1.0" encoding="UTF-8"?>
<!-- Generated by org.testng.reporters.JUnitXMLReporter -->
<testsuite ignored="0" hostname="LAPTOP-2LSN41AV" failures="0" tests="4" name="TestngPost1" time="5.529" errors="0" timestamp="2021-06-04T22:58:52 GST">
  <testcase classname="com.Automation.TestngPost1" name="postRequest" time="3.792"/>
  <testcase classname="com.Automation.TestngPost1" name="getRequest" time="0.636"/>
  <testcase classname="com.Automation.TestngPost1" name="getRequest" time="0.492"/>
  <testcase classname="com.Automation.TestngPost1" name="getRequest" time="0.56"/>
</testsuite> <!-- TestngPost1 -->
