<?xml version="1.0" encoding="UTF-8"?>
<!-- Generated by org.testng.reporters.JUnitXMLReporter -->
<testsuite ignored="0" hostname="LAPTOP-2LSN41AV" failures="0" tests="2" name="TestScriptParameterization" time="6.549" errors="0" timestamp="2021-06-08T16:28:20 GST">
  <testcase classname="com.Automation.TestScriptParameterization" name="eCreateToken" time="5.232"/>
  <testcase classname="com.Automation.TestScriptParameterization" name="deleteRequest" time="1.239"/>
</testsuite> <!-- TestScriptParameterization -->
