<?xml version="1.0" encoding="UTF-8"?>
<testng-results ignored="0" total="1" passed="1" failed="0" skipped="0">
  <reporter-output>
  </reporter-output>
  <suite started-at="2021-06-14T17:42:08 GST" name="Default suite" finished-at="2021-06-14T17:42:12 GST" duration-ms="4082">
    <groups>
    </groups>
    <test started-at="2021-06-14T17:42:08 GST" name="Default test" finished-at="2021-06-14T17:42:12 GST" duration-ms="4082">
      <class name="com.Automation.BDDPost">
        <test-method signature="post()[pri:0, instance:com.Automation.BDDPost@6bedbc4d]" started-at="2021-06-14T17:42:08 GST" name="post" finished-at="2021-06-14T17:42:12 GST" duration-ms="4019" status="PASS">
          <reporter-output>
          </reporter-output>
        </test-method> <!-- post -->
      </class> <!-- com.Automation.BDDPost -->
    </test> <!-- Default test -->
  </suite> <!-- Default suite -->
</testng-results>
